2025-04-04 21:52:34 [INFO] - User: b12d577e-48cf-481d-b732-dffc2733b113 - Accesso applicazione da utente b12d577e-48cf-481d-b732-dffc2733b113
2025-04-04 21:53:21 [INFO] - User: 94609917-0697-4ec3-87bc-edc2b8577dc4 - Accesso applicazione da utente 94609917-0697-4ec3-87bc-edc2b8577dc4
2025-04-04 21:54:02 [INFO] - User: 37badf01-6968-4d29-94ae-f67ef8de29f0 - Accesso applicazione da utente 37badf01-6968-4d29-94ae-f67ef8de29f0
2025-04-04 21:54:05 [INFO] - User: fb71bb90-9f4f-42ce-8277-c516420231f1 - Accesso applicazione da utente fb71bb90-9f4f-42ce-8277-c516420231f1
2025-04-04 21:55:12 [INFO] - User: 70af6cd4-097b-4f1d-9973-2854457e8541 - Accesso applicazione da utente 70af6cd4-097b-4f1d-9973-2854457e8541
2025-04-04 21:55:20 [INFO] - User: 70af6cd4-097b-4f1d-9973-2854457e8541 - Accesso applicazione da utente 70af6cd4-097b-4f1d-9973-2854457e8541
2025-04-04 21:55:42 [INFO] - User: 70af6cd4-097b-4f1d-9973-2854457e8541 - Accesso applicazione da utente 70af6cd4-097b-4f1d-9973-2854457e8541
2025-04-04 21:55:57 [INFO] - User: 70af6cd4-097b-4f1d-9973-2854457e8541 - Accesso applicazione da utente 70af6cd4-097b-4f1d-9973-2854457e8541
2025-04-04 21:55:59 [INFO] - User: 70af6cd4-097b-4f1d-9973-2854457e8541 - Accesso applicazione da utente 70af6cd4-097b-4f1d-9973-2854457e8541
2025-04-04 21:56:09 [INFO] - User: 70af6cd4-097b-4f1d-9973-2854457e8541 - Accesso applicazione da utente 70af6cd4-097b-4f1d-9973-2854457e8541
2025-04-04 21:56:11 [INFO] - User: 70af6cd4-097b-4f1d-9973-2854457e8541 - Accesso applicazione da utente 70af6cd4-097b-4f1d-9973-2854457e8541
2025-04-04 21:56:25 [INFO] - User: 70af6cd4-097b-4f1d-9973-2854457e8541 - Accesso applicazione da utente 70af6cd4-097b-4f1d-9973-2854457e8541
2025-04-04 21:56:25 [INFO] - User: 70af6cd4-097b-4f1d-9973-2854457e8541 - Accesso applicazione da utente 70af6cd4-097b-4f1d-9973-2854457e8541
2025-04-04 21:56:32 [INFO] - User: 70af6cd4-097b-4f1d-9973-2854457e8541 - Accesso applicazione da utente 70af6cd4-097b-4f1d-9973-2854457e8541
2025-04-04 22:09:48 [INFO] - User: a16b60c2-5fdb-4290-b7a7-4cc6da1a6060 - Accesso applicazione da utente a16b60c2-5fdb-4290-b7a7-4cc6da1a6060
2025-04-04 22:11:37 [INFO] - User: 7004b1fd-c8f5-4c16-981b-65feb4ee90b6 - Accesso applicazione da utente 7004b1fd-c8f5-4c16-981b-65feb4ee90b6
2025-04-04 22:13:33 [INFO] - User: 98f92460-41a2-4942-9e6c-f9f146c097ba - Accesso applicazione da utente 98f92460-41a2-4942-9e6c-f9f146c097ba
2025-04-04 22:13:40 [INFO] - User: 98f92460-41a2-4942-9e6c-f9f146c097ba - Accesso applicazione da utente 98f92460-41a2-4942-9e6c-f9f146c097ba
2025-04-04 22:13:55 [INFO] - User: 98f92460-41a2-4942-9e6c-f9f146c097ba - Accesso applicazione da utente 98f92460-41a2-4942-9e6c-f9f146c097ba
2025-04-04 22:14:03 [INFO] - User: 98f92460-41a2-4942-9e6c-f9f146c097ba - Accesso applicazione da utente 98f92460-41a2-4942-9e6c-f9f146c097ba
2025-04-04 22:14:07 [INFO] - User: 98f92460-41a2-4942-9e6c-f9f146c097ba - Accesso applicazione da utente 98f92460-41a2-4942-9e6c-f9f146c097ba
2025-04-04 22:14:23 [INFO] - User: 98f92460-41a2-4942-9e6c-f9f146c097ba - Accesso applicazione da utente 98f92460-41a2-4942-9e6c-f9f146c097ba
2025-04-04 22:14:24 [INFO] - User: 98f92460-41a2-4942-9e6c-f9f146c097ba - Accesso applicazione da utente 98f92460-41a2-4942-9e6c-f9f146c097ba
2025-04-04 22:14:47 [INFO] - User: 98f92460-41a2-4942-9e6c-f9f146c097ba - Accesso applicazione da utente 98f92460-41a2-4942-9e6c-f9f146c097ba
2025-04-05 08:07:36 [INFO] - User: c6e52d83-2943-4f17-b261-2b2d6f71280e - Accesso applicazione da utente c6e52d83-2943-4f17-b261-2b2d6f71280e
2025-04-05 08:07:36 [INFO] - User: eec62842-af50-4398-9725-ffb42251319c - Accesso applicazione da utente eec62842-af50-4398-9725-ffb42251319c
2025-04-05 08:07:50 [INFO] - User: eec62842-af50-4398-9725-ffb42251319c - Accesso applicazione da utente eec62842-af50-4398-9725-ffb42251319c
2025-04-05 08:08:25 [INFO] - User: eec62842-af50-4398-9725-ffb42251319c - Accesso applicazione da utente eec62842-af50-4398-9725-ffb42251319c
2025-04-05 08:08:46 [INFO] - User: eec62842-af50-4398-9725-ffb42251319c - Accesso applicazione da utente eec62842-af50-4398-9725-ffb42251319c
2025-04-05 08:09:53 [INFO] - User: c6e52d83-2943-4f17-b261-2b2d6f71280e - Accesso applicazione da utente c6e52d83-2943-4f17-b261-2b2d6f71280e
2025-04-05 08:12:48 [INFO] - User: eec62842-af50-4398-9725-ffb42251319c - Accesso applicazione da utente eec62842-af50-4398-9725-ffb42251319c
2025-04-05 08:14:13 [INFO] - User: eec62842-af50-4398-9725-ffb42251319c - Accesso applicazione da utente eec62842-af50-4398-9725-ffb42251319c
2025-04-05 08:19:32 [INFO] - User: 90f1f1ef-1d31-48d1-9885-b408faaa86a7 - Accesso applicazione da utente 90f1f1ef-1d31-48d1-9885-b408faaa86a7
2025-04-05 08:23:50 [INFO] - User: 78f349c2-d81e-4279-acc9-6b596f20c8b9 - Accesso applicazione da utente 78f349c2-d81e-4279-acc9-6b596f20c8b9
2025-04-05 08:23:53 [INFO] - User: 78f349c2-d81e-4279-acc9-6b596f20c8b9 - Accesso applicazione da utente 78f349c2-d81e-4279-acc9-6b596f20c8b9
2025-04-05 08:23:54 [ERROR] - User: 78f349c2-d81e-4279-acc9-6b596f20c8b9 - Errore nel caricamento del modulo meteo: type 'datetime.timezone' is not an acceptable base type
2025-04-05 08:26:45 [INFO] - User: dcec6044-48f6-46ae-b33d-1e4804a5504f - Accesso applicazione da utente dcec6044-48f6-46ae-b33d-1e4804a5504f
2025-04-05 08:26:48 [INFO] - User: 6c6e986b-9a01-419c-b725-aa0b8aaaebfc - Accesso applicazione da utente 6c6e986b-9a01-419c-b725-aa0b8aaaebfc
2025-04-05 08:28:54 [INFO] - User: dcec6044-48f6-46ae-b33d-1e4804a5504f - Accesso applicazione da utente dcec6044-48f6-46ae-b33d-1e4804a5504f
2025-04-05 08:29:23 [INFO] - User: dcec6044-48f6-46ae-b33d-1e4804a5504f - Accesso applicazione da utente dcec6044-48f6-46ae-b33d-1e4804a5504f
2025-04-05 08:31:44 [INFO] - User: 34879fc0-0a5a-49c6-b773-39a6b5f8a54c - Accesso applicazione da utente 34879fc0-0a5a-49c6-b773-39a6b5f8a54c
2025-04-05 08:32:14 [INFO] - User: ccc1211f-a5e5-403b-ada8-74c76761caba - Accesso applicazione da utente ccc1211f-a5e5-403b-ada8-74c76761caba
2025-04-05 08:32:17 [INFO] - User: ccc1211f-a5e5-403b-ada8-74c76761caba - Accesso applicazione da utente ccc1211f-a5e5-403b-ada8-74c76761caba
2025-04-05 08:32:28 [INFO] - User: ccc1211f-a5e5-403b-ada8-74c76761caba - Accesso applicazione da utente ccc1211f-a5e5-403b-ada8-74c76761caba
2025-04-05 08:37:43 [INFO] - User: 8f654f76-dd1b-402f-a88e-e237f80a6005 - Accesso applicazione da utente 8f654f76-dd1b-402f-a88e-e237f80a6005
2025-04-05 08:42:00 [INFO] - User: 2ed4517a-7e32-4ea7-ade1-7e6d4edbea67 - Accesso applicazione da utente 2ed4517a-7e32-4ea7-ade1-7e6d4edbea67
2025-04-05 08:42:03 [INFO] - User: 2ed4517a-7e32-4ea7-ade1-7e6d4edbea67 - Accesso applicazione da utente 2ed4517a-7e32-4ea7-ade1-7e6d4edbea67
2025-04-05 08:45:50 [INFO] - User: 72d1071c-ecd4-41ac-9bba-724153a6b102 - Accesso applicazione da utente 72d1071c-ecd4-41ac-9bba-724153a6b102
2025-04-05 08:46:51 [INFO] - User: 05e18379-d05e-45f1-ae70-530973d16587 - Accesso applicazione da utente 05e18379-d05e-45f1-ae70-530973d16587
2025-04-05 08:46:55 [INFO] - User: 05e18379-d05e-45f1-ae70-530973d16587 - Accesso applicazione da utente 05e18379-d05e-45f1-ae70-530973d16587
2025-04-05 08:50:36 [INFO] - User: 875bcb6f-dfc6-4ab6-b5c4-ab6e78d99457 - Accesso applicazione da utente 875bcb6f-dfc6-4ab6-b5c4-ab6e78d99457
2025-04-05 08:51:11 [INFO] - User: e2af1c31-91e4-4b54-b646-6a24778ac70d - Accesso applicazione da utente e2af1c31-91e4-4b54-b646-6a24778ac70d
2025-04-05 08:51:14 [INFO] - User: e2af1c31-91e4-4b54-b646-6a24778ac70d - Accesso applicazione da utente e2af1c31-91e4-4b54-b646-6a24778ac70d
2025-04-05 08:51:56 [INFO] - User: 9809857e-719b-4005-8c90-c744a5f5bf7e - Accesso applicazione da utente 9809857e-719b-4005-8c90-c744a5f5bf7e
2025-04-05 08:52:01 [INFO] - User: 9809857e-719b-4005-8c90-c744a5f5bf7e - Accesso applicazione da utente 9809857e-719b-4005-8c90-c744a5f5bf7e
2025-04-05 08:53:55 [INFO] - User: 104e8df0-8ad8-4ab8-845a-a2331c2ee597 - Accesso applicazione da utente 104e8df0-8ad8-4ab8-845a-a2331c2ee597
2025-04-05 08:54:54 [INFO] - User: 7b110c2d-9c93-4ec1-9778-e756ea915338 - Accesso applicazione da utente 7b110c2d-9c93-4ec1-9778-e756ea915338
2025-04-05 08:54:57 [INFO] - User: 7b110c2d-9c93-4ec1-9778-e756ea915338 - Accesso applicazione da utente 7b110c2d-9c93-4ec1-9778-e756ea915338
2025-04-05 08:57:19 [INFO] - User: 3ff2ef46-fc4f-43f3-bd98-d55e0c7220aa - Accesso applicazione da utente 3ff2ef46-fc4f-43f3-bd98-d55e0c7220aa
2025-04-05 08:57:20 [INFO] - User: 362461d4-30f7-442b-b10e-e31ef9897bc8 - Accesso applicazione da utente 362461d4-30f7-442b-b10e-e31ef9897bc8
2025-04-05 08:59:33 [INFO] - User: 362461d4-30f7-442b-b10e-e31ef9897bc8 - Accesso applicazione da utente 362461d4-30f7-442b-b10e-e31ef9897bc8
2025-04-05 09:00:03 [INFO] - User: 362461d4-30f7-442b-b10e-e31ef9897bc8 - Accesso applicazione da utente 362461d4-30f7-442b-b10e-e31ef9897bc8
2025-04-05 09:00:18 [INFO] - User: 362461d4-30f7-442b-b10e-e31ef9897bc8 - Accesso applicazione da utente 362461d4-30f7-442b-b10e-e31ef9897bc8
2025-04-05 09:00:27 [INFO] - User: 362461d4-30f7-442b-b10e-e31ef9897bc8 - Accesso applicazione da utente 362461d4-30f7-442b-b10e-e31ef9897bc8
2025-04-05 09:07:22 [INFO] - User: 19c86f0e-acd1-48be-8e32-4c6a214b1aee - Accesso applicazione da utente 19c86f0e-acd1-48be-8e32-4c6a214b1aee
2025-04-05 09:09:13 [INFO] - User: 9eb24199-5bab-4b0d-b396-5ade682e4591 - Accesso applicazione da utente 9eb24199-5bab-4b0d-b396-5ade682e4591
2025-04-05 09:09:21 [INFO] - User: 9eb24199-5bab-4b0d-b396-5ade682e4591 - Accesso applicazione da utente 9eb24199-5bab-4b0d-b396-5ade682e4591
2025-04-05 09:09:29 [INFO] - User: 0e22312f-ebad-4e4b-afea-d6a22026f44d - Accesso applicazione da utente 0e22312f-ebad-4e4b-afea-d6a22026f44d
2025-04-05 09:09:38 [INFO] - User: 0e22312f-ebad-4e4b-afea-d6a22026f44d - Accesso applicazione da utente 0e22312f-ebad-4e4b-afea-d6a22026f44d
2025-04-05 09:09:48 [INFO] - User: 0e22312f-ebad-4e4b-afea-d6a22026f44d - Accesso applicazione da utente 0e22312f-ebad-4e4b-afea-d6a22026f44d
2025-04-05 09:10:07 [INFO] - User: 0e22312f-ebad-4e4b-afea-d6a22026f44d - Accesso applicazione da utente 0e22312f-ebad-4e4b-afea-d6a22026f44d
2025-04-05 09:10:12 [INFO] - User: 0e22312f-ebad-4e4b-afea-d6a22026f44d - Accesso applicazione da utente 0e22312f-ebad-4e4b-afea-d6a22026f44d
2025-04-05 09:18:45 [INFO] - User: 92ad551e-9e48-4104-b59d-cf2b5358e822 - Accesso applicazione da utente 92ad551e-9e48-4104-b59d-cf2b5358e822
2025-04-05 09:24:46 [INFO] - User: 575d649f-3098-4878-8d2e-a9aba2146091 - Accesso applicazione da utente 575d649f-3098-4878-8d2e-a9aba2146091
2025-04-05 09:24:46 [INFO] - User: 0289b975-fa7b-464f-84d8-7cba21182608 - Accesso applicazione da utente 0289b975-fa7b-464f-84d8-7cba21182608
2025-04-05 09:24:49 [INFO] - User: 575d649f-3098-4878-8d2e-a9aba2146091 - Accesso applicazione da utente 575d649f-3098-4878-8d2e-a9aba2146091
2025-04-05 09:32:21 [INFO] - User: d7db4855-6911-4cd2-9247-0a535c6bc438 - Accesso applicazione da utente d7db4855-6911-4cd2-9247-0a535c6bc438
2025-04-05 09:32:21 [INFO] - User: 5faf6146-1c00-4b6f-b2f2-28cd962ccdac - Accesso applicazione da utente 5faf6146-1c00-4b6f-b2f2-28cd962ccdac
2025-04-05 09:33:08 [INFO] - User: 5b87ba86-6355-4568-ad23-ff335284e68e - Accesso applicazione da utente 5b87ba86-6355-4568-ad23-ff335284e68e
2025-04-05 09:33:08 [INFO] - User: 355d80a6-a557-434f-9a6b-a56d549e7e6b - Accesso applicazione da utente 355d80a6-a557-434f-9a6b-a56d549e7e6b
2025-04-05 09:33:12 [INFO] - User: 355d80a6-a557-434f-9a6b-a56d549e7e6b - Accesso applicazione da utente 355d80a6-a557-434f-9a6b-a56d549e7e6b
2025-04-05 09:38:10 [INFO] - User: 8c7dbc9b-6e98-4519-a7c5-74f6abe49e61 - Accesso applicazione da utente 8c7dbc9b-6e98-4519-a7c5-74f6abe49e61
2025-04-05 09:41:11 [INFO] - User: 5a108071-ea18-484d-8543-7d3e332fe645 - Accesso applicazione da utente 5a108071-ea18-484d-8543-7d3e332fe645
2025-04-05 09:41:12 [INFO] - User: 82d995b8-bf6c-4989-add3-461f0df6aaf2 - Accesso applicazione da utente 82d995b8-bf6c-4989-add3-461f0df6aaf2
2025-04-05 09:41:17 [INFO] - User: 82d995b8-bf6c-4989-add3-461f0df6aaf2 - Accesso applicazione da utente 82d995b8-bf6c-4989-add3-461f0df6aaf2
2025-04-05 09:46:40 [INFO] - User: e068ce4f-202e-465f-bf7d-0bfbfbc30fe4 - Accesso applicazione da utente e068ce4f-202e-465f-bf7d-0bfbfbc30fe4
2025-04-05 09:49:30 [INFO] - User: 179b0fc7-6437-42f3-b0c7-0856f8a40374 - Accesso applicazione da utente 179b0fc7-6437-42f3-b0c7-0856f8a40374
2025-04-05 09:49:30 [INFO] - User: 386aa0a9-b2fb-44f8-858a-061606843ddf - Accesso applicazione da utente 386aa0a9-b2fb-44f8-858a-061606843ddf
2025-04-05 09:50:37 [INFO] - User: 386aa0a9-b2fb-44f8-858a-061606843ddf - Accesso applicazione da utente 386aa0a9-b2fb-44f8-858a-061606843ddf
2025-04-05 10:03:54 [INFO] - User: 9bc1dada-e294-4dfe-9a67-139781b1f7ea - Accesso applicazione da utente 9bc1dada-e294-4dfe-9a67-139781b1f7ea
2025-04-05 10:04:57 [INFO] - User: 9b9b6e9f-ca62-438d-8496-3d7ebfb8fff7 - Accesso applicazione da utente 9b9b6e9f-ca62-438d-8496-3d7ebfb8fff7
2025-04-05 10:05:00 [INFO] - User: f36907fd-c335-4751-9cec-5ddaaf64d3eb - Accesso applicazione da utente f36907fd-c335-4751-9cec-5ddaaf64d3eb
2025-04-05 10:05:08 [INFO] - User: f36907fd-c335-4751-9cec-5ddaaf64d3eb - Accesso applicazione da utente f36907fd-c335-4751-9cec-5ddaaf64d3eb
2025-04-05 10:11:36 [INFO] - User: 1e3c1433-a2c7-4124-9612-6cbfa343aa8d - Accesso applicazione da utente 1e3c1433-a2c7-4124-9612-6cbfa343aa8d
2025-04-05 10:12:47 [INFO] - User: ecaa89bd-1ade-49d4-99ff-6749deb615bd - Accesso applicazione da utente ecaa89bd-1ade-49d4-99ff-6749deb615bd
2025-04-05 10:12:47 [INFO] - User: 120b175c-9156-4ba9-8530-1e508458c562 - Accesso applicazione da utente 120b175c-9156-4ba9-8530-1e508458c562
2025-04-05 10:12:50 [INFO] - User: ecaa89bd-1ade-49d4-99ff-6749deb615bd - Accesso applicazione da utente ecaa89bd-1ade-49d4-99ff-6749deb615bd
2025-04-05 10:13:24 [INFO] - User: ecaa89bd-1ade-49d4-99ff-6749deb615bd - Accesso applicazione da utente ecaa89bd-1ade-49d4-99ff-6749deb615bd
2025-04-05 10:13:36 [INFO] - User: ecaa89bd-1ade-49d4-99ff-6749deb615bd - Accesso applicazione da utente ecaa89bd-1ade-49d4-99ff-6749deb615bd
2025-04-05 10:13:46 [INFO] - User: 81543d5c-324c-4a70-b3c5-e371789ce494 - Accesso applicazione da utente 81543d5c-324c-4a70-b3c5-e371789ce494
2025-04-05 10:13:49 [INFO] - User: 81543d5c-324c-4a70-b3c5-e371789ce494 - Accesso applicazione da utente 81543d5c-324c-4a70-b3c5-e371789ce494
2025-04-05 10:13:53 [INFO] - User: 81543d5c-324c-4a70-b3c5-e371789ce494 - Accesso applicazione da utente 81543d5c-324c-4a70-b3c5-e371789ce494
2025-04-05 10:14:09 [INFO] - User: 81543d5c-324c-4a70-b3c5-e371789ce494 - Accesso applicazione da utente 81543d5c-324c-4a70-b3c5-e371789ce494
2025-04-05 10:18:33 [INFO] - User: 83da14c6-a5f2-4469-b430-2e056ee802d5 - Accesso applicazione da utente 83da14c6-a5f2-4469-b430-2e056ee802d5
2025-04-05 10:18:37 [INFO] - User: 7ba2bdb8-e86c-4533-bf65-a5165a4d9c8f - Accesso applicazione da utente 7ba2bdb8-e86c-4533-bf65-a5165a4d9c8f
2025-04-05 10:20:20 [INFO] - User: 45746462-fb06-45c4-83dd-d6d26bfada29 - Accesso applicazione da utente 45746462-fb06-45c4-83dd-d6d26bfada29
2025-04-05 10:20:23 [INFO] - User: 45746462-fb06-45c4-83dd-d6d26bfada29 - Accesso applicazione da utente 45746462-fb06-45c4-83dd-d6d26bfada29
2025-04-05 10:20:31 [INFO] - User: 45746462-fb06-45c4-83dd-d6d26bfada29 - Accesso applicazione da utente 45746462-fb06-45c4-83dd-d6d26bfada29
2025-04-05 10:20:48 [INFO] - User: 45746462-fb06-45c4-83dd-d6d26bfada29 - Accesso applicazione da utente 45746462-fb06-45c4-83dd-d6d26bfada29
2025-04-05 10:22:09 [INFO] - User: 7e55a0f2-ff50-4189-9972-2ea2e8bc1c90 - Accesso applicazione da utente 7e55a0f2-ff50-4189-9972-2ea2e8bc1c90
2025-04-05 10:25:59 [INFO] - User: 12cdfa7d-f89f-428e-8e5b-062974aa0917 - Accesso applicazione da utente 12cdfa7d-f89f-428e-8e5b-062974aa0917
2025-04-05 10:26:00 [INFO] - User: 049cd51c-1757-457b-b295-a6465a41f814 - Accesso applicazione da utente 049cd51c-1757-457b-b295-a6465a41f814
2025-04-05 10:26:19 [INFO] - User: 049cd51c-1757-457b-b295-a6465a41f814 - Accesso applicazione da utente 049cd51c-1757-457b-b295-a6465a41f814
2025-04-05 10:26:26 [INFO] - User: 049cd51c-1757-457b-b295-a6465a41f814 - Accesso applicazione da utente 049cd51c-1757-457b-b295-a6465a41f814
2025-04-05 10:26:37 [INFO] - User: 049cd51c-1757-457b-b295-a6465a41f814 - Accesso applicazione da utente 049cd51c-1757-457b-b295-a6465a41f814
2025-04-05 10:29:08 [INFO] - User: 4413dc5b-daed-4f6d-83f0-df22fbd78089 - Accesso applicazione da utente 4413dc5b-daed-4f6d-83f0-df22fbd78089
2025-04-05 10:29:09 [INFO] - User: 74be134b-c15f-4a80-9cf5-e4133fa1d3f5 - Accesso applicazione da utente 74be134b-c15f-4a80-9cf5-e4133fa1d3f5
2025-04-05 10:29:27 [INFO] - User: 6318d735-550d-4a46-8feb-e63448c01b12 - Accesso applicazione da utente 6318d735-550d-4a46-8feb-e63448c01b12
2025-04-05 10:29:28 [INFO] - User: 18855423-6ab3-40ab-bf5a-3f82f0482c6b - Accesso applicazione da utente 18855423-6ab3-40ab-bf5a-3f82f0482c6b
2025-04-05 10:29:30 [INFO] - User: 18855423-6ab3-40ab-bf5a-3f82f0482c6b - Accesso applicazione da utente 18855423-6ab3-40ab-bf5a-3f82f0482c6b
2025-04-05 10:29:36 [INFO] - User: 18855423-6ab3-40ab-bf5a-3f82f0482c6b - Accesso applicazione da utente 18855423-6ab3-40ab-bf5a-3f82f0482c6b
2025-04-05 10:29:41 [INFO] - User: 18855423-6ab3-40ab-bf5a-3f82f0482c6b - Accesso applicazione da utente 18855423-6ab3-40ab-bf5a-3f82f0482c6b
2025-04-05 10:29:52 [INFO] - User: 18855423-6ab3-40ab-bf5a-3f82f0482c6b - Accesso applicazione da utente 18855423-6ab3-40ab-bf5a-3f82f0482c6b
2025-04-05 10:30:00 [INFO] - User: 18855423-6ab3-40ab-bf5a-3f82f0482c6b - Accesso applicazione da utente 18855423-6ab3-40ab-bf5a-3f82f0482c6b
2025-04-05 10:30:13 [INFO] - User: 18855423-6ab3-40ab-bf5a-3f82f0482c6b - Accesso applicazione da utente 18855423-6ab3-40ab-bf5a-3f82f0482c6b
2025-04-05 10:30:18 [INFO] - User: 18855423-6ab3-40ab-bf5a-3f82f0482c6b - Accesso applicazione da utente 18855423-6ab3-40ab-bf5a-3f82f0482c6b
2025-04-05 10:30:45 [INFO] - User: db2d5ec0-03c4-4871-9c45-2f70ba3efc47 - Accesso applicazione da utente db2d5ec0-03c4-4871-9c45-2f70ba3efc47
2025-04-05 10:34:19 [INFO] - User: aa9d41be-7d13-47a6-bd18-cd37838c4acd - Accesso applicazione da utente aa9d41be-7d13-47a6-bd18-cd37838c4acd
2025-04-05 10:36:27 [INFO] - User: f3d2a671-617a-4211-8abe-bdef5737a9a2 - Accesso applicazione da utente f3d2a671-617a-4211-8abe-bdef5737a9a2
2025-04-05 10:36:31 [INFO] - User: f3d2a671-617a-4211-8abe-bdef5737a9a2 - Accesso applicazione da utente f3d2a671-617a-4211-8abe-bdef5737a9a2
2025-04-05 10:36:38 [INFO] - User: f3d2a671-617a-4211-8abe-bdef5737a9a2 - Accesso applicazione da utente f3d2a671-617a-4211-8abe-bdef5737a9a2
2025-04-05 10:36:46 [INFO] - User: 1032b270-999d-4e7a-81b7-48a395d8465a - Accesso applicazione da utente 1032b270-999d-4e7a-81b7-48a395d8465a
2025-04-05 10:36:48 [INFO] - User: 1032b270-999d-4e7a-81b7-48a395d8465a - Accesso applicazione da utente 1032b270-999d-4e7a-81b7-48a395d8465a
2025-04-05 10:36:54 [INFO] - User: 1032b270-999d-4e7a-81b7-48a395d8465a - Accesso applicazione da utente 1032b270-999d-4e7a-81b7-48a395d8465a
2025-04-05 11:23:41 [INFO] - User: 0226bb95-8312-4c6c-8ead-dc4c09a33d79 - Accesso applicazione da utente 0226bb95-8312-4c6c-8ead-dc4c09a33d79
2025-04-05 11:30:41 [INFO] - User: ee629017-ff85-42c9-8c48-6bd40bad90ab - Accesso applicazione da utente ee629017-ff85-42c9-8c48-6bd40bad90ab
2025-04-05 11:30:43 [INFO] - User: ddb1d569-0283-472c-820e-3694860c3ad3 - Accesso applicazione da utente ddb1d569-0283-472c-820e-3694860c3ad3
2025-04-05 11:30:49 [INFO] - User: ddb1d569-0283-472c-820e-3694860c3ad3 - Accesso applicazione da utente ddb1d569-0283-472c-820e-3694860c3ad3
2025-04-05 11:30:49 [ERROR] - User: ddb1d569-0283-472c-820e-3694860c3ad3 - ⚠️ Errore caricamento modulo primo_soccorso: unexpected indent (primo_soccorso.py, line 421)
2025-04-05 11:30:49 [ERROR] - User: ddb1d569-0283-472c-820e-3694860c3ad3 - Errore nel caricamento del modulo primo_soccorso: unexpected indent (primo_soccorso.py, line 421)
2025-04-05 11:31:20 [INFO] - User: ee629017-ff85-42c9-8c48-6bd40bad90ab - Accesso applicazione da utente ee629017-ff85-42c9-8c48-6bd40bad90ab
2025-04-05 11:31:20 [ERROR] - User: ee629017-ff85-42c9-8c48-6bd40bad90ab - ⚠️ Errore caricamento modulo primo_soccorso: unexpected indent (primo_soccorso.py, line 421)
2025-04-05 11:31:20 [ERROR] - User: ee629017-ff85-42c9-8c48-6bd40bad90ab - Errore nel caricamento del modulo primo_soccorso: unexpected indent (primo_soccorso.py, line 421)
2025-04-05 11:32:31 [INFO] - User: 0c889481-b46d-40c0-a28b-767406840fbe - Accesso applicazione da utente 0c889481-b46d-40c0-a28b-767406840fbe
2025-04-05 11:32:33 [INFO] - User: 0c889481-b46d-40c0-a28b-767406840fbe - Accesso applicazione da utente 0c889481-b46d-40c0-a28b-767406840fbe
2025-04-05 11:34:47 [INFO] - User: 7502d1a8-a175-4a63-b9e4-9f5b84e0a02b - Accesso applicazione da utente 7502d1a8-a175-4a63-b9e4-9f5b84e0a02b
2025-04-05 11:35:05 [INFO] - User: 7502d1a8-a175-4a63-b9e4-9f5b84e0a02b - Accesso applicazione da utente 7502d1a8-a175-4a63-b9e4-9f5b84e0a02b
2025-04-05 11:35:05 [ERROR] - User: 7502d1a8-a175-4a63-b9e4-9f5b84e0a02b - ⚠️ Errore caricamento modulo primo_soccorso: invalid syntax (primo_soccorso.py, line 420)
2025-04-05 11:35:05 [ERROR] - User: 7502d1a8-a175-4a63-b9e4-9f5b84e0a02b - Errore nel caricamento del modulo primo_soccorso: invalid syntax (primo_soccorso.py, line 420)
2025-04-05 11:40:27 [INFO] - User: ae01a1f8-ff67-4490-aa63-dd7f23e5d182 - Accesso applicazione da utente ae01a1f8-ff67-4490-aa63-dd7f23e5d182
2025-04-05 11:40:55 [INFO] - User: a6237a67-4d99-4724-8cb1-273e43157c02 - Accesso applicazione da utente a6237a67-4d99-4724-8cb1-273e43157c02
2025-04-05 11:41:04 [INFO] - User: a6237a67-4d99-4724-8cb1-273e43157c02 - Accesso applicazione da utente a6237a67-4d99-4724-8cb1-273e43157c02
2025-04-05 11:41:14 [INFO] - User: a6237a67-4d99-4724-8cb1-273e43157c02 - Accesso applicazione da utente a6237a67-4d99-4724-8cb1-273e43157c02
2025-04-05 11:41:41 [INFO] - User: a6237a67-4d99-4724-8cb1-273e43157c02 - Accesso applicazione da utente a6237a67-4d99-4724-8cb1-273e43157c02
2025-04-05 11:45:28 [INFO] - User: 0d0750b6-5d35-4db9-a43f-961ca9ef4fee - Accesso applicazione da utente 0d0750b6-5d35-4db9-a43f-961ca9ef4fee
2025-04-05 11:57:05 [INFO] - User: ba41a950-42a5-4cf2-bc23-0a446d8d9e7d - Accesso applicazione da utente ba41a950-42a5-4cf2-bc23-0a446d8d9e7d
2025-04-05 11:57:08 [INFO] - User: ba41a950-42a5-4cf2-bc23-0a446d8d9e7d - Accesso applicazione da utente ba41a950-42a5-4cf2-bc23-0a446d8d9e7d
2025-04-05 11:57:20 [INFO] - User: 4688415f-9776-44f9-8f7e-34ea6805843f - Accesso applicazione da utente 4688415f-9776-44f9-8f7e-34ea6805843f
2025-04-05 11:57:25 [INFO] - User: 4688415f-9776-44f9-8f7e-34ea6805843f - Accesso applicazione da utente 4688415f-9776-44f9-8f7e-34ea6805843f
2025-04-05 11:57:33 [INFO] - User: 4688415f-9776-44f9-8f7e-34ea6805843f - Accesso applicazione da utente 4688415f-9776-44f9-8f7e-34ea6805843f
2025-04-05 11:57:41 [INFO] - User: 4688415f-9776-44f9-8f7e-34ea6805843f - Accesso applicazione da utente 4688415f-9776-44f9-8f7e-34ea6805843f
2025-04-05 11:57:55 [INFO] - User: 4688415f-9776-44f9-8f7e-34ea6805843f - Accesso applicazione da utente 4688415f-9776-44f9-8f7e-34ea6805843f
2025-04-05 11:58:06 [INFO] - User: 4688415f-9776-44f9-8f7e-34ea6805843f - Accesso applicazione da utente 4688415f-9776-44f9-8f7e-34ea6805843f
2025-04-05 11:58:18 [INFO] - User: 4688415f-9776-44f9-8f7e-34ea6805843f - Accesso applicazione da utente 4688415f-9776-44f9-8f7e-34ea6805843f
2025-04-05 11:58:26 [INFO] - User: 4688415f-9776-44f9-8f7e-34ea6805843f - Accesso applicazione da utente 4688415f-9776-44f9-8f7e-34ea6805843f
2025-04-05 12:00:51 [INFO] - User: 65b6ad84-623e-4480-a4dc-db1b925056b3 - Accesso applicazione da utente 65b6ad84-623e-4480-a4dc-db1b925056b3
2025-04-05 12:01:06 [INFO] - User: 74871cba-93a0-4217-aa7a-cd2d0f2e928d - Accesso applicazione da utente 74871cba-93a0-4217-aa7a-cd2d0f2e928d
2025-04-05 12:01:10 [INFO] - User: 74871cba-93a0-4217-aa7a-cd2d0f2e928d - Accesso applicazione da utente 74871cba-93a0-4217-aa7a-cd2d0f2e928d
2025-04-05 12:01:35 [INFO] - User: 74871cba-93a0-4217-aa7a-cd2d0f2e928d - Accesso applicazione da utente 74871cba-93a0-4217-aa7a-cd2d0f2e928d
2025-04-05 12:03:21 [INFO] - User: 60825d8f-77c2-4d31-8f78-003faa1b9952 - Accesso applicazione da utente 60825d8f-77c2-4d31-8f78-003faa1b9952
2025-04-05 12:03:24 [INFO] - User: 60825d8f-77c2-4d31-8f78-003faa1b9952 - Accesso applicazione da utente 60825d8f-77c2-4d31-8f78-003faa1b9952
2025-04-05 12:03:36 [INFO] - User: 7b1c5180-43a3-4ef6-8b17-6db8164b5ddd - Accesso applicazione da utente 7b1c5180-43a3-4ef6-8b17-6db8164b5ddd
2025-04-05 12:03:40 [INFO] - User: 7b1c5180-43a3-4ef6-8b17-6db8164b5ddd - Accesso applicazione da utente 7b1c5180-43a3-4ef6-8b17-6db8164b5ddd
2025-04-05 12:11:59 [INFO] - User: 6f901ae8-9007-4632-88c3-dab539e6cca5 - Accesso applicazione da utente 6f901ae8-9007-4632-88c3-dab539e6cca5
2025-04-05 12:12:43 [INFO] - User: 77fb0ac8-3814-4be5-adfb-82d47fd287c7 - Accesso applicazione da utente 77fb0ac8-3814-4be5-adfb-82d47fd287c7
2025-04-05 12:12:44 [INFO] - User: 25ee38db-785b-480a-8290-6b8212576950 - Accesso applicazione da utente 25ee38db-785b-480a-8290-6b8212576950
2025-04-05 12:12:47 [INFO] - User: 25ee38db-785b-480a-8290-6b8212576950 - Accesso applicazione da utente 25ee38db-785b-480a-8290-6b8212576950
2025-04-05 12:12:53 [INFO] - User: 25ee38db-785b-480a-8290-6b8212576950 - Accesso applicazione da utente 25ee38db-785b-480a-8290-6b8212576950
2025-04-05 12:17:39 [INFO] - User: 20cd15ee-2e88-46b4-aba0-1455d2f88428 - Accesso applicazione da utente 20cd15ee-2e88-46b4-aba0-1455d2f88428
2025-04-05 12:20:41 [INFO] - User: b908300d-5070-43f0-98d9-d5c00d1ea3b6 - Accesso applicazione da utente b908300d-5070-43f0-98d9-d5c00d1ea3b6
2025-04-05 12:20:43 [INFO] - User: 58e08d04-4450-4d69-94da-d35f60a64c54 - Accesso applicazione da utente 58e08d04-4450-4d69-94da-d35f60a64c54
2025-04-05 12:20:46 [INFO] - User: 58e08d04-4450-4d69-94da-d35f60a64c54 - Accesso applicazione da utente 58e08d04-4450-4d69-94da-d35f60a64c54
2025-04-05 12:20:57 [INFO] - User: 58e08d04-4450-4d69-94da-d35f60a64c54 - Accesso applicazione da utente 58e08d04-4450-4d69-94da-d35f60a64c54
2025-04-05 12:21:08 [INFO] - User: 58e08d04-4450-4d69-94da-d35f60a64c54 - Accesso applicazione da utente 58e08d04-4450-4d69-94da-d35f60a64c54
2025-04-05 12:21:20 [INFO] - User: 58e08d04-4450-4d69-94da-d35f60a64c54 - Accesso applicazione da utente 58e08d04-4450-4d69-94da-d35f60a64c54
2025-04-05 12:21:55 [INFO] - User: 58e08d04-4450-4d69-94da-d35f60a64c54 - Accesso applicazione da utente 58e08d04-4450-4d69-94da-d35f60a64c54
2025-04-05 12:21:58 [INFO] - User: 58e08d04-4450-4d69-94da-d35f60a64c54 - Accesso applicazione da utente 58e08d04-4450-4d69-94da-d35f60a64c54
2025-04-05 12:22:03 [INFO] - User: 58e08d04-4450-4d69-94da-d35f60a64c54 - Accesso applicazione da utente 58e08d04-4450-4d69-94da-d35f60a64c54
2025-04-05 12:22:07 [INFO] - User: 58e08d04-4450-4d69-94da-d35f60a64c54 - Accesso applicazione da utente 58e08d04-4450-4d69-94da-d35f60a64c54
2025-04-05 12:22:13 [INFO] - User: 58e08d04-4450-4d69-94da-d35f60a64c54 - Accesso applicazione da utente 58e08d04-4450-4d69-94da-d35f60a64c54
2025-04-05 12:22:20 [INFO] - User: 58e08d04-4450-4d69-94da-d35f60a64c54 - Accesso applicazione da utente 58e08d04-4450-4d69-94da-d35f60a64c54
2025-04-05 12:22:27 [INFO] - User: 58e08d04-4450-4d69-94da-d35f60a64c54 - Accesso applicazione da utente 58e08d04-4450-4d69-94da-d35f60a64c54
2025-04-05 12:23:10 [INFO] - User: 58e08d04-4450-4d69-94da-d35f60a64c54 - Accesso applicazione da utente 58e08d04-4450-4d69-94da-d35f60a64c54
2025-04-05 12:23:53 [INFO] - User: 58e08d04-4450-4d69-94da-d35f60a64c54 - Accesso applicazione da utente 58e08d04-4450-4d69-94da-d35f60a64c54
2025-04-05 12:39:07 [INFO] - User: 49d7d7d9-c9c6-4f0d-b43b-90fa7660c0b9 - Accesso applicazione da utente 49d7d7d9-c9c6-4f0d-b43b-90fa7660c0b9
2025-04-05 13:06:10 [INFO] - User: e49b636d-0f6c-4d99-ad43-b7739334b756 - Accesso applicazione da utente e49b636d-0f6c-4d99-ad43-b7739334b756
2025-04-05 13:06:21 [INFO] - User: 06e1e39f-bc45-4a58-b34d-1ff496c78439 - Accesso applicazione da utente 06e1e39f-bc45-4a58-b34d-1ff496c78439
2025-04-05 13:06:28 [INFO] - User: 06e1e39f-bc45-4a58-b34d-1ff496c78439 - Accesso applicazione da utente 06e1e39f-bc45-4a58-b34d-1ff496c78439
2025-04-05 13:07:09 [INFO] - User: 06e1e39f-bc45-4a58-b34d-1ff496c78439 - Accesso applicazione da utente 06e1e39f-bc45-4a58-b34d-1ff496c78439
2025-04-05 13:12:26 [INFO] - User: f9a19216-502d-42ca-a4de-a33889d76c6e - Accesso applicazione da utente f9a19216-502d-42ca-a4de-a33889d76c6e
2025-04-05 13:33:48 [INFO] - User: 2f70b75e-b8e9-43bf-810c-02e502c0d85b - Accesso applicazione da utente 2f70b75e-b8e9-43bf-810c-02e502c0d85b
2025-04-05 13:33:52 [INFO] - User: 35801d2c-1a88-46ce-89e6-61a079bcb1d1 - Accesso applicazione da utente 35801d2c-1a88-46ce-89e6-61a079bcb1d1
2025-04-05 13:34:45 [INFO] - User: 35801d2c-1a88-46ce-89e6-61a079bcb1d1 - Accesso applicazione da utente 35801d2c-1a88-46ce-89e6-61a079bcb1d1
2025-04-05 13:34:45 [ERROR] - User: 35801d2c-1a88-46ce-89e6-61a079bcb1d1 - ⚠️ Errore caricamento modulo vulcani: invalid syntax (vulcani.py, line 729)
2025-04-05 13:34:45 [ERROR] - User: 35801d2c-1a88-46ce-89e6-61a079bcb1d1 - Errore nel caricamento del modulo vulcani: invalid syntax (vulcani.py, line 729)
2025-04-05 13:34:52 [INFO] - User: 2f70b75e-b8e9-43bf-810c-02e502c0d85b - Accesso applicazione da utente 2f70b75e-b8e9-43bf-810c-02e502c0d85b
2025-04-05 13:34:52 [ERROR] - User: 2f70b75e-b8e9-43bf-810c-02e502c0d85b - ⚠️ Errore caricamento modulo vulcani: invalid syntax (vulcani.py, line 729)
2025-04-05 13:34:52 [ERROR] - User: 2f70b75e-b8e9-43bf-810c-02e502c0d85b - Errore nel caricamento del modulo vulcani: invalid syntax (vulcani.py, line 729)
2025-04-05 13:40:56 [INFO] - User: 4093b163-b7c0-4ca5-8ef2-7b4376ae8a36 - Accesso applicazione da utente 4093b163-b7c0-4ca5-8ef2-7b4376ae8a36
2025-04-05 13:41:01 [INFO] - User: e72a0ce8-77a4-439f-be3e-039a3d42ac00 - Accesso applicazione da utente e72a0ce8-77a4-439f-be3e-039a3d42ac00
2025-04-05 13:44:21 [INFO] - User: eaec30e5-506f-43ef-8e1b-f3db3bf6e538 - Accesso applicazione da utente eaec30e5-506f-43ef-8e1b-f3db3bf6e538
2025-04-05 13:44:24 [INFO] - User: d43c2b93-983d-4ce7-b9df-8d314ec7d3d4 - Accesso applicazione da utente d43c2b93-983d-4ce7-b9df-8d314ec7d3d4
2025-04-05 13:44:27 [INFO] - User: d43c2b93-983d-4ce7-b9df-8d314ec7d3d4 - Accesso applicazione da utente d43c2b93-983d-4ce7-b9df-8d314ec7d3d4
2025-04-05 13:45:29 [INFO] - User: 524cfc0c-5f06-4c7b-b354-5327f3dd0659 - Accesso applicazione da utente 524cfc0c-5f06-4c7b-b354-5327f3dd0659
2025-04-05 13:45:42 [INFO] - User: 524cfc0c-5f06-4c7b-b354-5327f3dd0659 - Accesso applicazione da utente 524cfc0c-5f06-4c7b-b354-5327f3dd0659
2025-04-05 13:46:45 [INFO] - User: fe4028ad-f6e6-4619-9494-445e630ab462 - Accesso applicazione da utente fe4028ad-f6e6-4619-9494-445e630ab462
2025-04-05 13:49:48 [INFO] - User: 7080273f-2dc3-4469-9a04-edfb98eb1426 - Accesso applicazione da utente 7080273f-2dc3-4469-9a04-edfb98eb1426
2025-04-05 13:49:51 [INFO] - User: 7080273f-2dc3-4469-9a04-edfb98eb1426 - Accesso applicazione da utente 7080273f-2dc3-4469-9a04-edfb98eb1426
2025-04-05 13:52:39 [INFO] - User: bb20908e-8697-451a-bd77-27ecd3a6adc5 - Accesso applicazione da utente bb20908e-8697-451a-bd77-27ecd3a6adc5
2025-04-05 13:52:39 [INFO] - User: af1d78ed-d3d5-4465-ac91-c6ebc84ddb75 - Accesso applicazione da utente af1d78ed-d3d5-4465-ac91-c6ebc84ddb75
2025-04-05 13:56:18 [INFO] - User: e6324a57-3b3f-440f-8a79-340b4312f4fb - Accesso applicazione da utente e6324a57-3b3f-440f-8a79-340b4312f4fb
2025-04-05 13:57:52 [INFO] - User: 31fa982c-1c46-4adb-bc56-0845c36de3e5 - Accesso applicazione da utente 31fa982c-1c46-4adb-bc56-0845c36de3e5
2025-04-05 13:57:54 [INFO] - User: 8a3139a3-1618-443f-9a9d-aa9cced8bd8e - Accesso applicazione da utente 8a3139a3-1618-443f-9a9d-aa9cced8bd8e
2025-04-05 13:57:59 [INFO] - User: 8a3139a3-1618-443f-9a9d-aa9cced8bd8e - Accesso applicazione da utente 8a3139a3-1618-443f-9a9d-aa9cced8bd8e
2025-04-05 13:58:10 [INFO] - User: 8a3139a3-1618-443f-9a9d-aa9cced8bd8e - Accesso applicazione da utente 8a3139a3-1618-443f-9a9d-aa9cced8bd8e
2025-04-05 14:01:01 [INFO] - User: c0f884b6-4f12-4af7-afa9-d190db196738 - Accesso applicazione da utente c0f884b6-4f12-4af7-afa9-d190db196738
2025-04-05 14:01:17 [INFO] - User: 659de4d6-d576-4899-ac4f-c3af2fdb0dd7 - Accesso applicazione da utente 659de4d6-d576-4899-ac4f-c3af2fdb0dd7
2025-04-05 14:02:49 [INFO] - User: c0f884b6-4f12-4af7-afa9-d190db196738 - Accesso applicazione da utente c0f884b6-4f12-4af7-afa9-d190db196738
2025-04-05 14:02:54 [INFO] - User: c0f884b6-4f12-4af7-afa9-d190db196738 - Accesso applicazione da utente c0f884b6-4f12-4af7-afa9-d190db196738
2025-04-05 14:03:08 [INFO] - User: c0f884b6-4f12-4af7-afa9-d190db196738 - Accesso applicazione da utente c0f884b6-4f12-4af7-afa9-d190db196738
2025-04-05 14:03:19 [INFO] - User: c0f884b6-4f12-4af7-afa9-d190db196738 - Accesso applicazione da utente c0f884b6-4f12-4af7-afa9-d190db196738
2025-04-05 14:07:41 [INFO] - User: ac4c3eb5-fd39-4abd-8ab6-a1b699673dc8 - Accesso applicazione da utente ac4c3eb5-fd39-4abd-8ab6-a1b699673dc8
2025-04-05 14:10:39 [INFO] - User: cd4d5ee8-e830-4726-8275-d215cf80e362 - Accesso applicazione da utente cd4d5ee8-e830-4726-8275-d215cf80e362
2025-04-05 14:10:59 [INFO] - User: dff18c1e-98fc-4ecf-8165-d794eff1708e - Accesso applicazione da utente dff18c1e-98fc-4ecf-8165-d794eff1708e
2025-04-05 14:11:01 [INFO] - User: cdfe5989-91bc-414e-9f0e-a08970a353fe - Accesso applicazione da utente cdfe5989-91bc-414e-9f0e-a08970a353fe
2025-04-05 14:11:05 [INFO] - User: cdfe5989-91bc-414e-9f0e-a08970a353fe - Accesso applicazione da utente cdfe5989-91bc-414e-9f0e-a08970a353fe
